<?xml version="1.0" encoding="UTF-8"?>
<testsuites tests="2" failures="0" disabled="0" errors="0" time="0." timestamp="2026-02-03T14:16:31.867" name="AllTests">
  <testsuite name="SimpleTest" tests="2" failures="0" disabled="0" skipped="0" errors="0" time="0." timestamp="2026-02-03T14:16:31.867">
    <testcase name="BasicAssertion" file="/home/sree/bs/argus_demo/brightsign-npu-gaze-extension-ng/tests/test_simple.cpp" line="3" status="run" result="completed" time="0." timestamp="2026-02-03T14:16:31.867" classname="SimpleTest" />
    <testcase name="StringTest" file="/home/sree/bs/argus_demo/brightsign-npu-gaze-extension-ng/tests/test_simple.cpp" line="8" status="run" result="completed" time="0." timestamp="2026-02-03T14:16:31.867" classname="SimpleTest" />
  </testsuite>
</testsuites>
